<?xml version="1.0" encoding="UTF-8"?>
<testng-results ignored="0" total="1" passed="1" failed="0" skipped="0">
  <reporter-output>
  </reporter-output>
  <suite started-at="2023-06-28T23:09:47 PDT" name="Suite" finished-at="2023-06-28T23:12:25 PDT" duration-ms="157463">
    <groups>
      <group name="cucumber">
        <method signature="AbstractTestNGCucumberTests.runScenario(io.cucumber.testng.PickleWrapper,io.cucumber.testng.FeatureWrapper)[pri:0, instance:Runner.RunCuke@51e5fc98]" name="runScenario" class="io.cucumber.testng.AbstractTestNGCucumberTests"/>
      </group> <!-- cucumber -->
    </groups>
    <test started-at="2023-06-28T23:09:47 PDT" name="Test" finished-at="2023-06-28T23:12:25 PDT" duration-ms="157463">
      <class name="Runner.RunCuke">
        <test-method is-config="true" signature="setUpClass(org.testng.ITestContext)[pri:0, instance:Runner.RunCuke@51e5fc98]" started-at="2023-06-28T23:09:47 PDT" name="setUpClass" finished-at="2023-06-28T23:09:48 PDT" duration-ms="854" status="PASS">
          <params>
            <param index="0">
              <value>
                <![CDATA[org.testng.TestRunner@660b1a9d]]>
              </value>
            </param>
          </params>
          <reporter-output>
          </reporter-output>
        </test-method> <!-- setUpClass -->
        <test-method signature="runScenario(io.cucumber.testng.PickleWrapper,io.cucumber.testng.FeatureWrapper)[pri:0, instance:Runner.RunCuke@51e5fc98]" started-at="2023-06-28T23:09:48 PDT" name="runScenario" description="Runs Cucumber Scenarios" data-provider="scenarios" finished-at="2023-06-28T23:12:24 PDT" duration-ms="155996" status="PASS">
          <params>
            <param index="0">
              <value>
                <![CDATA["Validate search cars page"]]>
              </value>
            </param>
            <param index="1">
              <value>
                <![CDATA["Validation of car search page"]]>
              </value>
            </param>
          </params>
          <reporter-output>
          </reporter-output>
        </test-method> <!-- runScenario -->
        <test-method is-config="true" signature="tearDownClass()[pri:0, instance:Runner.RunCuke@51e5fc98]" started-at="2023-06-28T23:12:24 PDT" name="tearDownClass" finished-at="2023-06-28T23:12:25 PDT" duration-ms="554" status="PASS">
          <reporter-output>
          </reporter-output>
        </test-method> <!-- tearDownClass -->
      </class> <!-- Runner.RunCuke -->
    </test> <!-- Test -->
  </suite> <!-- Suite -->
</testng-results>
